2017-10-05 22:54:12,525 [      0]   INFO -        #com.intellij.idea.Main - ------------------------------------------------------ IDE STARTED ------------------------------------------------------ 
2017-10-05 22:54:12,553 [     28]   INFO -        #com.intellij.idea.Main - IDE: IntelliJ IDEA (build #IU-172.3317.76, 15 Jul 2017 18:02) 
2017-10-05 22:54:12,553 [     28]   INFO -        #com.intellij.idea.Main - OS: Windows 10 (10.0, amd64) 
2017-10-05 22:54:12,553 [     28]   INFO -        #com.intellij.idea.Main - JRE: 1.8.0_152-release-915-b5 (JetBrains s.r.o) 
2017-10-05 22:54:12,553 [     28]   INFO -        #com.intellij.idea.Main - JVM: 25.152-b5 (OpenJDK 64-Bit Server VM) 
2017-10-05 22:54:12,637 [    112]   INFO -        #com.intellij.idea.Main - JVM Args: -Duser.home=U:\u~u\a0a\.rc -Xms2048m -Xmx4096m -XX:ReservedCodeCacheSize=2048m -XX:+UseConcMarkSweepGC -XX:SoftRefLRUPolicyMSPerMB=50 -ea -Dsun.io.useCanonCaches=false -Djava.net.preferIPv4Stack=true -XX:+HeapDumpOnOutOfMemoryError -XX:-OmitStackTraceInFastThrow -Djb.vmOptionsFile=F:\a0a\bins\idea\ideaIU-2017.2.win\bin\idea64.exe.vmoptions -XX:ErrorFile=U:/u~u/a0a/.rc\java_error_in_IDEA_%p.log -XX:HeapDumpPath=U:/u~u/a0a/.rc\java_error_in_IDEA.hprof -Xbootclasspath/a:F:\a0a\bins\idea\ideaIU-2017.2.win/lib/boot.jar -Didea.paths.selector=IntelliJIdea2017.2 -Didea.properties.file=U:/u~u/a0a/.rc/.IntelliJIdea/idea.properties -Didea.jre.check=true 
2017-10-05 22:54:12,639 [    114]   INFO -        #com.intellij.idea.Main - ext: F:\a0a\bins\idea\ideaIU-2017.2.win\jre64\lib\ext: [access-bridge-64.jar, cldrdata.jar, dnsns.jar, jaccess.jar, jfxrt.jar, localedata.jar, meta-index, nashorn.jar, sunec.jar, sunjce_provider.jar, sunmscapi.jar, sunpkcs11.jar, zipfs.jar] 
2017-10-05 22:54:12,639 [    114]   INFO -        #com.intellij.idea.Main - JNU charset: GBK 
2017-10-05 22:54:13,402 [    877]   INFO -        #com.intellij.idea.Main - JNA library (64-bit) loaded in 762 ms 
2017-10-05 22:54:13,472 [    947]   INFO - penapi.util.io.win32.IdeaWin32 - Native filesystem for Windows is operational 
2017-10-05 22:54:13,508 [    983]   INFO -        #com.intellij.idea.Main - Using "FocusKiller" library to prevent focus stealing. 
2017-10-05 22:54:39,179 [  26654]   INFO -           #ServerLicenseSource - Cannot obtain ticket from http://idea.iteblog.com/key.php due to connectivity problem: Unexpected end of file from server; No response from license server for more than 48 hours (java.net.SocketException) 
2017-10-05 22:54:51,825 [  39300]   INFO - ntellij.util.proxy.CommonProxy - connect failed to http://idea.iteblog.com/key.php/rpc/obtainTicket.action?buildDate=20170718&buildNumber=2017.2+Build+IU-172.3317.76&clientVersion=4&hostName=KerwinTP-PC&machineId=2f60cf79-bbed-439e-8cf8-a293eb092068&productCode=49c202d4-ac56-452b-bb84-735056242fb3&productFamilyId=49c202d4-ac56-452b-bb84-735056242fb3&salt=1507215290813&secure=false&userName=o0o&version=2017200&versionNumber=2017200, sa: 127.0.0.1:53885 
java.net.ConnectException: Connection refused: connect
	at java.net.TwoStacksPlainSocketImpl.socketConnect(Native Method)
	at java.net.AbstractPlainSocketImpl.doConnect(AbstractPlainSocketImpl.java:350)
	at java.net.AbstractPlainSocketImpl.connectToAddress(AbstractPlainSocketImpl.java:206)
	at java.net.AbstractPlainSocketImpl.connect(AbstractPlainSocketImpl.java:188)
	at java.net.PlainSocketImpl.connect(PlainSocketImpl.java:172)
	at java.net.Socket.connect(Socket.java:589)
	at sun.net.NetworkClient.doConnect(NetworkClient.java:175)
	at sun.net.www.http.HttpClient.openServer(HttpClient.java:432)
	at sun.net.www.http.HttpClient$1.run(HttpClient.java:484)
	at sun.net.www.http.HttpClient$1.run(HttpClient.java:482)
	at java.security.AccessController.doPrivileged(Native Method)
	at sun.net.www.http.HttpClient.privilegedOpenServer(HttpClient.java:481)
	at sun.net.www.http.HttpClient.openServer(HttpClient.java:522)
	at sun.net.www.http.HttpClient.<init>(HttpClient.java:211)
	at sun.net.www.http.HttpClient.New(HttpClient.java:308)
	at sun.net.www.http.HttpClient.New(HttpClient.java:326)
	at sun.net.www.protocol.http.HttpURLConnection.getNewHttpClient(HttpURLConnection.java:1202)
	at sun.net.www.protocol.http.HttpURLConnection.plainConnect0(HttpURLConnection.java:1138)
	at sun.net.www.protocol.http.HttpURLConnection.plainConnect(HttpURLConnection.java:1032)
	at sun.net.www.protocol.http.HttpURLConnection.connect(HttpURLConnection.java:966)
	at sun.net.www.protocol.http.HttpURLConnection.getInputStream0(HttpURLConnection.java:1546)
	at sun.net.www.protocol.http.HttpURLConnection.getInputStream(HttpURLConnection.java:1474)
	at java.net.HttpURLConnection.getResponseCode(HttpURLConnection.java:480)
	at com.jetbrains.ls.a.o.a(o.java:249)
	at com.jetbrains.ls.a.o.b(o.java:187)
	at com.jetbrains.ls.a.o.a(o.java:124)
	at com.jetbrains.ls.a.o.a(o.java:323)
	at com.jetbrains.ls.a.o.a(o.java:288)
	at com.jetbrains.ls.a.l.a(l.java:102)
	at com.jetbrains.ls.a.l.a(l.java:36)
	at com.intellij.ide.a.f.q.a(q.java:276)
	at com.intellij.ide.a.f.p.a(p.java:150)
	at com.intellij.ide.a.f.p.b(p.java:124)
	at com.intellij.ide.a.b.n.g(n.java:455)
	at com.intellij.ide.a.b.n.a(n.java:1528)
	at java.util.concurrent.FutureTask.run(FutureTask.java:266)
	at java.util.concurrent.ThreadPoolExecutor.runWorker(ThreadPoolExecutor.java:1142)
	at java.util.concurrent.ThreadPoolExecutor$Worker.run(ThreadPoolExecutor.java:617)
	at java.lang.Thread.run(Thread.java:745)
2017-10-05 22:55:03,907 [  51382]   INFO - ntellij.util.proxy.CommonProxy - connect failed to http://plugins.jetbrains.com/plugins/list/?build=IU-172.3317.76, sa: 127.0.0.1:53885 
java.net.ConnectException: Connection refused: connect
	at java.net.TwoStacksPlainSocketImpl.socketConnect(Native Method)
	at java.net.AbstractPlainSocketImpl.doConnect(AbstractPlainSocketImpl.java:350)
	at java.net.AbstractPlainSocketImpl.connectToAddress(AbstractPlainSocketImpl.java:206)
	at java.net.AbstractPlainSocketImpl.connect(AbstractPlainSocketImpl.java:188)
	at java.net.PlainSocketImpl.connect(PlainSocketImpl.java:172)
	at java.net.Socket.connect(Socket.java:589)
	at sun.net.NetworkClient.doConnect(NetworkClient.java:175)
	at sun.net.www.http.HttpClient.openServer(HttpClient.java:432)
	at sun.net.www.http.HttpClient$1.run(HttpClient.java:484)
	at sun.net.www.http.HttpClient$1.run(HttpClient.java:482)
	at java.security.AccessController.doPrivileged(Native Method)
	at sun.net.www.http.HttpClient.privilegedOpenServer(HttpClient.java:481)
	at sun.net.www.http.HttpClient.openServer(HttpClient.java:522)
	at sun.net.www.http.HttpClient.<init>(HttpClient.java:211)
	at sun.net.www.http.HttpClient.New(HttpClient.java:308)
	at sun.net.www.http.HttpClient.New(HttpClient.java:326)
	at sun.net.www.protocol.http.HttpURLConnection.getNewHttpClient(HttpURLConnection.java:1202)
	at sun.net.www.protocol.http.HttpURLConnection.plainConnect0(HttpURLConnection.java:1138)
	at sun.net.www.protocol.http.HttpURLConnection.plainConnect(HttpURLConnection.java:1032)
	at sun.net.www.protocol.http.HttpURLConnection.connect(HttpURLConnection.java:966)
	at sun.net.www.protocol.http.HttpURLConnection.getInputStream0(HttpURLConnection.java:1546)
	at sun.net.www.protocol.http.HttpURLConnection.getInputStream(HttpURLConnection.java:1474)
	at java.net.HttpURLConnection.getResponseCode(HttpURLConnection.java:480)
	at com.intellij.util.io.HttpRequests.openConnection(HttpRequests.java:505)
	at com.intellij.util.io.HttpRequests.access$300(HttpRequests.java:60)
	at com.intellij.util.io.HttpRequests$RequestImpl.getConnection(HttpRequests.java:288)
	at com.intellij.ide.plugins.RepositoryHelper$1.process(RepositoryHelper.java:156)
	at com.intellij.ide.plugins.RepositoryHelper$1.process(RepositoryHelper.java:149)
	at com.intellij.util.io.HttpRequests.doProcess(HttpRequests.java:417)
	at com.intellij.util.io.HttpRequests.process(HttpRequests.java:394)
	at com.intellij.util.io.HttpRequests.access$100(HttpRequests.java:60)
	at com.intellij.util.io.HttpRequests$RequestBuilderImpl.connect(HttpRequests.java:262)
	at com.intellij.ide.plugins.RepositoryHelper.loadPlugins(RepositoryHelper.java:149)
	at com.intellij.ide.plugins.RepositoryHelper.loadPlugins(RepositoryHelper.java:104)
	at com.intellij.ide.plugins.RepositoryHelper.loadPlugins(RepositoryHelper.java:96)
	at com.intellij.ide.plugins.RepositoryHelper.loadPlugins(RepositoryHelper.java:91)
	at com.intellij.ide.customize.PluginGroups$1.doInBackground(PluginGroups.java:63)
	at com.intellij.ide.customize.PluginGroups$1.doInBackground(PluginGroups.java:59)
	at javax.swing.SwingWorker$1.call(SwingWorker.java:295)
	at java.util.concurrent.FutureTask.run(FutureTask.java:266)
	at javax.swing.SwingWorker.run(SwingWorker.java:334)
	at java.util.concurrent.ThreadPoolExecutor.runWorker(ThreadPoolExecutor.java:1142)
	at java.util.concurrent.ThreadPoolExecutor$Worker.run(ThreadPoolExecutor.java:617)
	at java.lang.Thread.run(Thread.java:745)
2017-10-05 22:55:11,283 [  58758]   INFO - llij.ide.plugins.PluginManager - 129 plugins initialized in 1539 ms 
2017-10-05 22:55:11,348 [  58823]   INFO - llij.ide.plugins.PluginManager - Loaded bundled plugins: ASP (0.1), Android Support (10.2.3), AngularJS (172.3317.76), Ant Support (1.0), Application Servers View (0.2.0), AspectJ Support (1.2), Bytecode Viewer (0.1), CFML Support (3.53), CSS Support (172.3317.76), CVS Integration (11), ClearCase Integration (2.0), Cloud Foundry integration (1.0), CloudBees integration (1.0), CoffeeScript (2.0), Copyright (8.1), Coverage (172.3317.76), Cucumber for Groovy (999.999), Cucumber for Java (999.999), DSM Analysis (1.0.0), Database Tools and SQL (172.3317.76), Eclipse Integration (3.0), EditorConfig (172.3317.76), Emma (172.3317.76), Flash/Flex Support (172.3317.76), FreeMarker support (1.0), GWT Support (1.0), Geronimo Integration (1.0), Gherkin (999.999), Git Integration (8.1), GitHub (172.3317.76), GlassFish Integration (1.0), Google App Engine Integration (1.1.4), Gradle (172.3317.76), Grails (9.0), Groovy (9.0), Guice (8.0), HTML Tools (2.0), Haml (172.3317.76), Heroku integration (1.0), Hibernate Support (1.0), I18n for Java (172.3317.76), IDEA CORE (172.3317.76), IntelliLang (8.0), J2ME (1.0), JBoss Arquillian Support (1.0), JBoss Drools Support (1.0), JBoss Frameworks Base Support (1.0), JBoss Integration (1.0), JBoss Seam Pageflow Support (1.0), JBoss Seam Pages Support (1.0), JBoss Seam Support (1.0), JBoss jBPM (2.0.0), JSR45 Integration (1.0), JUnit (1.0), Java Bytecode Decompiler (172.3317.76), Java EE: Batch Applications (1.0), Java EE: Bean Validation Support (1.1), Java EE: Contexts and Dependency Injection (1.1), Java EE: EJB, JPA, Servlets (1.0), Java EE: JMS, JSON Processing, Concurrency, Transaction  (1.0), Java EE: Java Server Faces (2.2.X.), Java EE: RESTful Web Services (JAX-RS) (1.0), Java EE: Web Services (JAX-WS) (1.9), Java EE: WebSockets (1.0), Java Server Pages (JSP) Integration (1.0), JavaFX (1.0), JavaScript Debugger (1.0), JavaScript Intention Power Pack (0.9.4), JavaScript Support (1.0), Jetty Integration (1.0), Kotlin (1.1.3-release-IJ2017.2-2), Less support (172.3317.76), Markdown support (172.3317.76), Maven Integration (172.3317.76), Maven Integration Extension (172.3317.76), OpenShift integration (1.0), Osmorc (1.4.9), Perforce Integration (2.0), Persistence Frameworks Support (1.0), Playframework Support (1.0), Plugin DevKit (1.0), Properties Support (172.3317.76), QuirksMode (172.3317.76), REST Client (172.3317.76), Refactor-X (2.01), Remote Hosts Access (0.1), Resin Integration (8.1), SSH Remote Run (0.1), Sass support (172.3317.76), Settings Repository (172.3317.76), Spring AOP/@AspectJ (1.0), Spring Batch (1.0), Spring Boot (1.0), Spring Data (1.0), Spring Integration Patterns (1.0), Spring MVC (1.0), Spring OSGi (1.0), Spring Security (1.0), Spring Support (1.0), Spring Web Flow (1.0), Spring Web Services (1.0), Spring WebSocket (1.0), Spy-js (172.3317.76), Struts 1.x (2.0), Struts 2 (1.0), Stylus support (999.999), Subversion Integration (1.1), TFS Integration (999.999), Tapestry support (1.0), Task Management (1.0), Terminal (0.1), TestNG-J (8.0), Thymeleaf (1.0), Time Tracking (1.0), Tomcat and TomEE Integration (1.0), UI Designer (172.3317.76), UML Support (1.0), Vaadin Support (1.0), Velocity support (1.0), W3C Validators (2.0), WebLogic Integration (1.0), WebSphere Integration (1.0), XPathView + XSLT Support (4), XSLT-Debugger (1.4), YAML (172.3317.76), ZKM-Unscramble (1.0), dmServer Support (0.9.5), hg4idea (10.0), tslint (172.3317.76) 
2017-10-05 22:55:21,909 [  69384]   INFO - ellij.vfs.persistent.FSRecords - Marking VFS as corrupted: 'U:\u~u\a0a\.rc\.IntelliJIdea\system\caches\names.dat' does not exist 
2017-10-05 22:55:21,916 [  69391]   INFO - ellij.util.io.PagedFileStorage - lower=100; upper=500; buffer=10; max=4042 
2017-10-05 22:55:22,201 [  69676]   INFO - pl.local.NativeFileWatcherImpl - Starting file watcher: F:\a0a\bins\idea\ideaIU-2017.2.win\bin\fsnotifier64.exe 
2017-10-05 22:55:22,227 [  69702]   INFO - pl.local.NativeFileWatcherImpl - Native file watcher is operational. 
2017-10-05 22:55:30,096 [  77571]   INFO - .history.utils.LocalHistoryLog - local history version mismatch (was: 0, expected: 6), rebuilding... 
2017-10-05 22:55:30,096 [  77571]   INFO - .history.utils.LocalHistoryLog - FS has been rebuild, rebuilding local history... 
2017-10-05 22:55:30,904 [  78379]   INFO - til.net.ssl.CertificateManager - Default SSL context initialized 
2017-10-05 22:55:31,287 [  78762]   INFO - rains.ide.BuiltInServerManager - built-in server started, port 63342 
2017-10-05 22:55:31,343 [  78818]   INFO - gs.impl.UpdateCheckerComponent - channel: release 
2017-10-05 22:55:36,799 [  84274]   INFO - il.indexing.FileBasedIndexImpl - Index exts enumerated:5221 
2017-10-05 22:55:36,902 [  84377]   INFO - il.indexing.FileBasedIndexImpl - Index scheduled:103 
2017-10-05 22:55:39,181 [  86656]   INFO - tellij.psi.stubs.StubIndexImpl - All stub exts enumerated:2274 
2017-10-05 22:55:39,186 [  86661]   INFO - tellij.psi.stubs.StubIndexImpl - stub exts update scheduled:4 
2017-10-05 22:55:40,879 [  88354]   INFO - j.ide.script.IdeStartupScripts - 0 startup script(s) found 
2017-10-05 22:55:45,241 [  92716]   INFO - ij.psi.stubs.StubUpdatingIndex - Following new file types will be indexed:JavaScript,HTML,KJSM,SWF,ECMAScript 6,Kotlin,TypeScript,CLASS,FTL,Stylus,Properties,XML,AspectJ,JSX Harmony,ActionScript,JAVA,spring.factories,CFML,CoffeeScript,SQL,Less,kotlin_builtins,CSS,JSP,Sass,SCSS,Flow,Literate CoffeeScript,TypeScript JSX,Groovy 
2017-10-05 22:55:46,014 [  93489]   INFO - il.indexing.FileBasedIndexImpl - Rebuild requested for index org.jetbrains.kotlin.idea.versions.KotlinJvmMetadataVersionIndex 
java.lang.Throwable
	at com.intellij.util.indexing.FileBasedIndex.requestRebuild(FileBasedIndex.java:68)
	at org.jetbrains.kotlin.idea.versions.KotlinUpdatePluginComponent.initComponent(KotlinUpdatePluginComponent.kt:54)
	at com.intellij.openapi.components.impl.ComponentManagerImpl$ComponentConfigComponentAdapter.getComponentInstance(ComponentManagerImpl.java:492)
	at com.intellij.openapi.components.impl.ComponentManagerImpl.createComponents(ComponentManagerImpl.java:118)
	at com.intellij.openapi.application.impl.ApplicationImpl.a(ApplicationImpl.java:475)
	at com.intellij.openapi.progress.impl.CoreProgressManager.a(CoreProgressManager.java:170)
	at com.intellij.openapi.progress.impl.CoreProgressManager.a(CoreProgressManager.java:548)
	at com.intellij.openapi.progress.impl.CoreProgressManager.executeProcessUnderProgress(CoreProgressManager.java:493)
	at com.intellij.openapi.progress.impl.ProgressManagerImpl.executeProcessUnderProgress(ProgressManagerImpl.java:94)
	at com.intellij.openapi.progress.impl.CoreProgressManager.runProcess(CoreProgressManager.java:157)
	at com.intellij.openapi.application.impl.ApplicationImpl.createComponents(ApplicationImpl.java:482)
	at com.intellij.openapi.components.impl.ComponentManagerImpl.init(ComponentManagerImpl.java:102)
	at com.intellij.openapi.application.impl.ApplicationImpl.load(ApplicationImpl.java:434)
	at com.intellij.openapi.application.impl.ApplicationImpl.load(ApplicationImpl.java:420)
	at com.intellij.idea.IdeaApplication.run(IdeaApplication.java:203)
	at sun.reflect.NativeMethodAccessorImpl.invoke0(Native Method)
	at sun.reflect.NativeMethodAccessorImpl.invoke(NativeMethodAccessorImpl.java:62)
	at sun.reflect.DelegatingMethodAccessorImpl.invoke(DelegatingMethodAccessorImpl.java:43)
	at java.lang.reflect.Method.invoke(Method.java:498)
	at com.intellij.idea.MainImpl$1$1.a(MainImpl.java:67)
	at java.awt.event.InvocationEvent.dispatch(InvocationEvent.java:311)
	at java.awt.EventQueue.dispatchEventImpl(EventQueue.java:762)
	at java.awt.EventQueue.access$500(EventQueue.java:98)
	at java.awt.EventQueue$3.run(EventQueue.java:715)
	at java.awt.EventQueue$3.run(EventQueue.java:709)
	at java.security.AccessController.doPrivileged(Native Method)
	at java.security.ProtectionDomain$JavaSecurityAccessImpl.doIntersectionPrivilege(ProtectionDomain.java:80)
	at java.awt.EventQueue.dispatchEvent(EventQueue.java:732)
	at com.intellij.ide.IdeEventQueue.dispatchEvent(IdeEventQueue.java:345)
	at java.awt.EventDispatchThread.pumpOneEventForFilters(EventDispatchThread.java:201)
	at java.awt.EventDispatchThread.pumpEventsForFilter(EventDispatchThread.java:116)
	at java.awt.EventDispatchThread.pumpEventsForHierarchy(EventDispatchThread.java:105)
	at java.awt.EventDispatchThread.pumpEvents(EventDispatchThread.java:101)
	at java.awt.EventDispatchThread.pumpEvents(EventDispatchThread.java:93)
	at java.awt.EventDispatchThread.run(EventDispatchThread.java:82)
2017-10-05 22:55:46,082 [  93557]   INFO - il.indexing.FileBasedIndexImpl - Rebuild requested for index org.jetbrains.kotlin.idea.versions.KotlinJsMetadataVersionIndex 
java.lang.Throwable
	at com.intellij.util.indexing.FileBasedIndex.requestRebuild(FileBasedIndex.java:68)
	at org.jetbrains.kotlin.idea.versions.KotlinUpdatePluginComponent.initComponent(KotlinUpdatePluginComponent.kt:55)
	at com.intellij.openapi.components.impl.ComponentManagerImpl$ComponentConfigComponentAdapter.getComponentInstance(ComponentManagerImpl.java:492)
	at com.intellij.openapi.components.impl.ComponentManagerImpl.createComponents(ComponentManagerImpl.java:118)
	at com.intellij.openapi.application.impl.ApplicationImpl.a(ApplicationImpl.java:475)
	at com.intellij.openapi.progress.impl.CoreProgressManager.a(CoreProgressManager.java:170)
	at com.intellij.openapi.progress.impl.CoreProgressManager.a(CoreProgressManager.java:548)
	at com.intellij.openapi.progress.impl.CoreProgressManager.executeProcessUnderProgress(CoreProgressManager.java:493)
	at com.intellij.openapi.progress.impl.ProgressManagerImpl.executeProcessUnderProgress(ProgressManagerImpl.java:94)
	at com.intellij.openapi.progress.impl.CoreProgressManager.runProcess(CoreProgressManager.java:157)
	at com.intellij.openapi.application.impl.ApplicationImpl.createComponents(ApplicationImpl.java:482)
	at com.intellij.openapi.components.impl.ComponentManagerImpl.init(ComponentManagerImpl.java:102)
	at com.intellij.openapi.application.impl.ApplicationImpl.load(ApplicationImpl.java:434)
	at com.intellij.openapi.application.impl.ApplicationImpl.load(ApplicationImpl.java:420)
	at com.intellij.idea.IdeaApplication.run(IdeaApplication.java:203)
	at sun.reflect.NativeMethodAccessorImpl.invoke0(Native Method)
	at sun.reflect.NativeMethodAccessorImpl.invoke(NativeMethodAccessorImpl.java:62)
	at sun.reflect.DelegatingMethodAccessorImpl.invoke(DelegatingMethodAccessorImpl.java:43)
	at java.lang.reflect.Method.invoke(Method.java:498)
	at com.intellij.idea.MainImpl$1$1.a(MainImpl.java:67)
	at java.awt.event.InvocationEvent.dispatch(InvocationEvent.java:311)
	at java.awt.EventQueue.dispatchEventImpl(EventQueue.java:762)
	at java.awt.EventQueue.access$500(EventQueue.java:98)
	at java.awt.EventQueue$3.run(EventQueue.java:715)
	at java.awt.EventQueue$3.run(EventQueue.java:709)
	at java.security.AccessController.doPrivileged(Native Method)
	at java.security.ProtectionDomain$JavaSecurityAccessImpl.doIntersectionPrivilege(ProtectionDomain.java:80)
	at java.awt.EventQueue.dispatchEvent(EventQueue.java:732)
	at com.intellij.ide.IdeEventQueue.dispatchEvent(IdeEventQueue.java:345)
	at java.awt.EventDispatchThread.pumpOneEventForFilters(EventDispatchThread.java:201)
	at java.awt.EventDispatchThread.pumpEventsForFilter(EventDispatchThread.java:116)
	at java.awt.EventDispatchThread.pumpEventsForHierarchy(EventDispatchThread.java:105)
	at java.awt.EventDispatchThread.pumpEvents(EventDispatchThread.java:101)
	at java.awt.EventDispatchThread.pumpEvents(EventDispatchThread.java:93)
	at java.awt.EventDispatchThread.run(EventDispatchThread.java:82)
2017-10-05 22:55:46,085 [  93560]   INFO - il.indexing.FileBasedIndexImpl - Rebuild requested for index org.jetbrains.kotlin.idea.vfilefinder.KotlinClassFileIndex 
java.lang.Throwable
	at com.intellij.util.indexing.FileBasedIndex.requestRebuild(FileBasedIndex.java:68)
	at org.jetbrains.kotlin.idea.versions.KotlinUpdatePluginComponent.initComponent(KotlinUpdatePluginComponent.kt:56)
	at com.intellij.openapi.components.impl.ComponentManagerImpl$ComponentConfigComponentAdapter.getComponentInstance(ComponentManagerImpl.java:492)
	at com.intellij.openapi.components.impl.ComponentManagerImpl.createComponents(ComponentManagerImpl.java:118)
	at com.intellij.openapi.application.impl.ApplicationImpl.a(ApplicationImpl.java:475)
	at com.intellij.openapi.progress.impl.CoreProgressManager.a(CoreProgressManager.java:170)
	at com.intellij.openapi.progress.impl.CoreProgressManager.a(CoreProgressManager.java:548)
	at com.intellij.openapi.progress.impl.CoreProgressManager.executeProcessUnderProgress(CoreProgressManager.java:493)
	at com.intellij.openapi.progress.impl.ProgressManagerImpl.executeProcessUnderProgress(ProgressManagerImpl.java:94)
	at com.intellij.openapi.progress.impl.CoreProgressManager.runProcess(CoreProgressManager.java:157)
	at com.intellij.openapi.application.impl.ApplicationImpl.createComponents(ApplicationImpl.java:482)
	at com.intellij.openapi.components.impl.ComponentManagerImpl.init(ComponentManagerImpl.java:102)
	at com.intellij.openapi.application.impl.ApplicationImpl.load(ApplicationImpl.java:434)
	at com.intellij.openapi.application.impl.ApplicationImpl.load(ApplicationImpl.java:420)
	at com.intellij.idea.IdeaApplication.run(IdeaApplication.java:203)
	at sun.reflect.NativeMethodAccessorImpl.invoke0(Native Method)
	at sun.reflect.NativeMethodAccessorImpl.invoke(NativeMethodAccessorImpl.java:62)
	at sun.reflect.DelegatingMethodAccessorImpl.invoke(DelegatingMethodAccessorImpl.java:43)
	at java.lang.reflect.Method.invoke(Method.java:498)
	at com.intellij.idea.MainImpl$1$1.a(MainImpl.java:67)
	at java.awt.event.InvocationEvent.dispatch(InvocationEvent.java:311)
	at java.awt.EventQueue.dispatchEventImpl(EventQueue.java:762)
	at java.awt.EventQueue.access$500(EventQueue.java:98)
	at java.awt.EventQueue$3.run(EventQueue.java:715)
	at java.awt.EventQueue$3.run(EventQueue.java:709)
	at java.security.AccessController.doPrivileged(Native Method)
	at java.security.ProtectionDomain$JavaSecurityAccessImpl.doIntersectionPrivilege(ProtectionDomain.java:80)
	at java.awt.EventQueue.dispatchEvent(EventQueue.java:732)
	at com.intellij.ide.IdeEventQueue.dispatchEvent(IdeEventQueue.java:345)
	at java.awt.EventDispatchThread.pumpOneEventForFilters(EventDispatchThread.java:201)
	at java.awt.EventDispatchThread.pumpEventsForFilter(EventDispatchThread.java:116)
	at java.awt.EventDispatchThread.pumpEventsForHierarchy(EventDispatchThread.java:105)
	at java.awt.EventDispatchThread.pumpEvents(EventDispatchThread.java:101)
	at java.awt.EventDispatchThread.pumpEvents(EventDispatchThread.java:93)
	at java.awt.EventDispatchThread.run(EventDispatchThread.java:82)
2017-10-05 22:55:46,086 [  93561]   INFO - il.indexing.FileBasedIndexImpl - Rebuild requested for index org.jetbrains.kotlin.idea.vfilefinder.KotlinJavaScriptMetaFileIndex 
java.lang.Throwable
	at com.intellij.util.indexing.FileBasedIndex.requestRebuild(FileBasedIndex.java:68)
	at org.jetbrains.kotlin.idea.versions.KotlinUpdatePluginComponent.initComponent(KotlinUpdatePluginComponent.kt:57)
	at com.intellij.openapi.components.impl.ComponentManagerImpl$ComponentConfigComponentAdapter.getComponentInstance(ComponentManagerImpl.java:492)
	at com.intellij.openapi.components.impl.ComponentManagerImpl.createComponents(ComponentManagerImpl.java:118)
	at com.intellij.openapi.application.impl.ApplicationImpl.a(ApplicationImpl.java:475)
	at com.intellij.openapi.progress.impl.CoreProgressManager.a(CoreProgressManager.java:170)
	at com.intellij.openapi.progress.impl.CoreProgressManager.a(CoreProgressManager.java:548)
	at com.intellij.openapi.progress.impl.CoreProgressManager.executeProcessUnderProgress(CoreProgressManager.java:493)
	at com.intellij.openapi.progress.impl.ProgressManagerImpl.executeProcessUnderProgress(ProgressManagerImpl.java:94)
	at com.intellij.openapi.progress.impl.CoreProgressManager.runProcess(CoreProgressManager.java:157)
	at com.intellij.openapi.application.impl.ApplicationImpl.createComponents(ApplicationImpl.java:482)
	at com.intellij.openapi.components.impl.ComponentManagerImpl.init(ComponentManagerImpl.java:102)
	at com.intellij.openapi.application.impl.ApplicationImpl.load(ApplicationImpl.java:434)
	at com.intellij.openapi.application.impl.ApplicationImpl.load(ApplicationImpl.java:420)
	at com.intellij.idea.IdeaApplication.run(IdeaApplication.java:203)
	at sun.reflect.NativeMethodAccessorImpl.invoke0(Native Method)
	at sun.reflect.NativeMethodAccessorImpl.invoke(NativeMethodAccessorImpl.java:62)
	at sun.reflect.DelegatingMethodAccessorImpl.invoke(DelegatingMethodAccessorImpl.java:43)
	at java.lang.reflect.Method.invoke(Method.java:498)
	at com.intellij.idea.MainImpl$1$1.a(MainImpl.java:67)
	at java.awt.event.InvocationEvent.dispatch(InvocationEvent.java:311)
	at java.awt.EventQueue.dispatchEventImpl(EventQueue.java:762)
	at java.awt.EventQueue.access$500(EventQueue.java:98)
	at java.awt.EventQueue$3.run(EventQueue.java:715)
	at java.awt.EventQueue$3.run(EventQueue.java:709)
	at java.security.AccessController.doPrivileged(Native Method)
	at java.security.ProtectionDomain$JavaSecurityAccessImpl.doIntersectionPrivilege(ProtectionDomain.java:80)
	at java.awt.EventQueue.dispatchEvent(EventQueue.java:732)
	at com.intellij.ide.IdeEventQueue.dispatchEvent(IdeEventQueue.java:345)
	at java.awt.EventDispatchThread.pumpOneEventForFilters(EventDispatchThread.java:201)
	at java.awt.EventDispatchThread.pumpEventsForFilter(EventDispatchThread.java:116)
	at java.awt.EventDispatchThread.pumpEventsForHierarchy(EventDispatchThread.java:105)
	at java.awt.EventDispatchThread.pumpEvents(EventDispatchThread.java:101)
	at java.awt.EventDispatchThread.pumpEvents(EventDispatchThread.java:93)
	at java.awt.EventDispatchThread.run(EventDispatchThread.java:82)
2017-10-05 22:55:46,088 [  93563]   INFO - il.indexing.FileBasedIndexImpl - Rebuild requested for index org.jetbrains.kotlin.idea.vfilefinder.KotlinMetadataFileIndex 
java.lang.Throwable
	at com.intellij.util.indexing.FileBasedIndex.requestRebuild(FileBasedIndex.java:68)
	at org.jetbrains.kotlin.idea.versions.KotlinUpdatePluginComponent.initComponent(KotlinUpdatePluginComponent.kt:58)
	at com.intellij.openapi.components.impl.ComponentManagerImpl$ComponentConfigComponentAdapter.getComponentInstance(ComponentManagerImpl.java:492)
	at com.intellij.openapi.components.impl.ComponentManagerImpl.createComponents(ComponentManagerImpl.java:118)
	at com.intellij.openapi.application.impl.ApplicationImpl.a(ApplicationImpl.java:475)
	at com.intellij.openapi.progress.impl.CoreProgressManager.a(CoreProgressManager.java:170)
	at com.intellij.openapi.progress.impl.CoreProgressManager.a(CoreProgressManager.java:548)
	at com.intellij.openapi.progress.impl.CoreProgressManager.executeProcessUnderProgress(CoreProgressManager.java:493)
	at com.intellij.openapi.progress.impl.ProgressManagerImpl.executeProcessUnderProgress(ProgressManagerImpl.java:94)
	at com.intellij.openapi.progress.impl.CoreProgressManager.runProcess(CoreProgressManager.java:157)
	at com.intellij.openapi.application.impl.ApplicationImpl.createComponents(ApplicationImpl.java:482)
	at com.intellij.openapi.components.impl.ComponentManagerImpl.init(ComponentManagerImpl.java:102)
	at com.intellij.openapi.application.impl.ApplicationImpl.load(ApplicationImpl.java:434)
	at com.intellij.openapi.application.impl.ApplicationImpl.load(ApplicationImpl.java:420)
	at com.intellij.idea.IdeaApplication.run(IdeaApplication.java:203)
	at sun.reflect.NativeMethodAccessorImpl.invoke0(Native Method)
	at sun.reflect.NativeMethodAccessorImpl.invoke(NativeMethodAccessorImpl.java:62)
	at sun.reflect.DelegatingMethodAccessorImpl.invoke(DelegatingMethodAccessorImpl.java:43)
	at java.lang.reflect.Method.invoke(Method.java:498)
	at com.intellij.idea.MainImpl$1$1.a(MainImpl.java:67)
	at java.awt.event.InvocationEvent.dispatch(InvocationEvent.java:311)
	at java.awt.EventQueue.dispatchEventImpl(EventQueue.java:762)
	at java.awt.EventQueue.access$500(EventQueue.java:98)
	at java.awt.EventQueue$3.run(EventQueue.java:715)
	at java.awt.EventQueue$3.run(EventQueue.java:709)
	at java.security.AccessController.doPrivileged(Native Method)
	at java.security.ProtectionDomain$JavaSecurityAccessImpl.doIntersectionPrivilege(ProtectionDomain.java:80)
	at java.awt.EventQueue.dispatchEvent(EventQueue.java:732)
	at com.intellij.ide.IdeEventQueue.dispatchEvent(IdeEventQueue.java:345)
	at java.awt.EventDispatchThread.pumpOneEventForFilters(EventDispatchThread.java:201)
	at java.awt.EventDispatchThread.pumpEventsForFilter(EventDispatchThread.java:116)
	at java.awt.EventDispatchThread.pumpEventsForHierarchy(EventDispatchThread.java:105)
	at java.awt.EventDispatchThread.pumpEvents(EventDispatchThread.java:101)
	at java.awt.EventDispatchThread.pumpEvents(EventDispatchThread.java:93)
	at java.awt.EventDispatchThread.run(EventDispatchThread.java:82)
2017-10-05 22:55:46,092 [  93567]   INFO - il.indexing.FileBasedIndexImpl - Rebuild requested for index org.jetbrains.kotlin.idea.vfilefinder.KotlinMetadataFilePackageIndex 
java.lang.Throwable
	at com.intellij.util.indexing.FileBasedIndex.requestRebuild(FileBasedIndex.java:68)
	at org.jetbrains.kotlin.idea.versions.KotlinUpdatePluginComponent.initComponent(KotlinUpdatePluginComponent.kt:59)
	at com.intellij.openapi.components.impl.ComponentManagerImpl$ComponentConfigComponentAdapter.getComponentInstance(ComponentManagerImpl.java:492)
	at com.intellij.openapi.components.impl.ComponentManagerImpl.createComponents(ComponentManagerImpl.java:118)
	at com.intellij.openapi.application.impl.ApplicationImpl.a(ApplicationImpl.java:475)
	at com.intellij.openapi.progress.impl.CoreProgressManager.a(CoreProgressManager.java:170)
	at com.intellij.openapi.progress.impl.CoreProgressManager.a(CoreProgressManager.java:548)
	at com.intellij.openapi.progress.impl.CoreProgressManager.executeProcessUnderProgress(CoreProgressManager.java:493)
	at com.intellij.openapi.progress.impl.ProgressManagerImpl.executeProcessUnderProgress(ProgressManagerImpl.java:94)
	at com.intellij.openapi.progress.impl.CoreProgressManager.runProcess(CoreProgressManager.java:157)
	at com.intellij.openapi.application.impl.ApplicationImpl.createComponents(ApplicationImpl.java:482)
	at com.intellij.openapi.components.impl.ComponentManagerImpl.init(ComponentManagerImpl.java:102)
	at com.intellij.openapi.application.impl.ApplicationImpl.load(ApplicationImpl.java:434)
	at com.intellij.openapi.application.impl.ApplicationImpl.load(ApplicationImpl.java:420)
	at com.intellij.idea.IdeaApplication.run(IdeaApplication.java:203)
	at sun.reflect.NativeMethodAccessorImpl.invoke0(Native Method)
	at sun.reflect.NativeMethodAccessorImpl.invoke(NativeMethodAccessorImpl.java:62)
	at sun.reflect.DelegatingMethodAccessorImpl.invoke(DelegatingMethodAccessorImpl.java:43)
	at java.lang.reflect.Method.invoke(Method.java:498)
	at com.intellij.idea.MainImpl$1$1.a(MainImpl.java:67)
	at java.awt.event.InvocationEvent.dispatch(InvocationEvent.java:311)
	at java.awt.EventQueue.dispatchEventImpl(EventQueue.java:762)
	at java.awt.EventQueue.access$500(EventQueue.java:98)
	at java.awt.EventQueue$3.run(EventQueue.java:715)
	at java.awt.EventQueue$3.run(EventQueue.java:709)
	at java.security.AccessController.doPrivileged(Native Method)
	at java.security.ProtectionDomain$JavaSecurityAccessImpl.doIntersectionPrivilege(ProtectionDomain.java:80)
	at java.awt.EventQueue.dispatchEvent(EventQueue.java:732)
	at com.intellij.ide.IdeEventQueue.dispatchEvent(IdeEventQueue.java:345)
	at java.awt.EventDispatchThread.pumpOneEventForFilters(EventDispatchThread.java:201)
	at java.awt.EventDispatchThread.pumpEventsForFilter(EventDispatchThread.java:116)
	at java.awt.EventDispatchThread.pumpEventsForHierarchy(EventDispatchThread.java:105)
	at java.awt.EventDispatchThread.pumpEvents(EventDispatchThread.java:101)
	at java.awt.EventDispatchThread.pumpEvents(EventDispatchThread.java:93)
	at java.awt.EventDispatchThread.run(EventDispatchThread.java:82)
2017-10-05 22:55:46,094 [  93569]   INFO - il.indexing.FileBasedIndexImpl - Rebuild requested for index org.jetbrains.kotlin.idea.vfilefinder.KotlinModuleMappingIndex 
java.lang.Throwable
	at com.intellij.util.indexing.FileBasedIndex.requestRebuild(FileBasedIndex.java:68)
	at org.jetbrains.kotlin.idea.versions.KotlinUpdatePluginComponent.initComponent(KotlinUpdatePluginComponent.kt:60)
	at com.intellij.openapi.components.impl.ComponentManagerImpl$ComponentConfigComponentAdapter.getComponentInstance(ComponentManagerImpl.java:492)
	at com.intellij.openapi.components.impl.ComponentManagerImpl.createComponents(ComponentManagerImpl.java:118)
	at com.intellij.openapi.application.impl.ApplicationImpl.a(ApplicationImpl.java:475)
	at com.intellij.openapi.progress.impl.CoreProgressManager.a(CoreProgressManager.java:170)
	at com.intellij.openapi.progress.impl.CoreProgressManager.a(CoreProgressManager.java:548)
	at com.intellij.openapi.progress.impl.CoreProgressManager.executeProcessUnderProgress(CoreProgressManager.java:493)
	at com.intellij.openapi.progress.impl.ProgressManagerImpl.executeProcessUnderProgress(ProgressManagerImpl.java:94)
	at com.intellij.openapi.progress.impl.CoreProgressManager.runProcess(CoreProgressManager.java:157)
	at com.intellij.openapi.application.impl.ApplicationImpl.createComponents(ApplicationImpl.java:482)
	at com.intellij.openapi.components.impl.ComponentManagerImpl.init(ComponentManagerImpl.java:102)
	at com.intellij.openapi.application.impl.ApplicationImpl.load(ApplicationImpl.java:434)
	at com.intellij.openapi.application.impl.ApplicationImpl.load(ApplicationImpl.java:420)
	at com.intellij.idea.IdeaApplication.run(IdeaApplication.java:203)
	at sun.reflect.NativeMethodAccessorImpl.invoke0(Native Method)
	at sun.reflect.NativeMethodAccessorImpl.invoke(NativeMethodAccessorImpl.java:62)
	at sun.reflect.DelegatingMethodAccessorImpl.invoke(DelegatingMethodAccessorImpl.java:43)
	at java.lang.reflect.Method.invoke(Method.java:498)
	at com.intellij.idea.MainImpl$1$1.a(MainImpl.java:67)
	at java.awt.event.InvocationEvent.dispatch(InvocationEvent.java:311)
	at java.awt.EventQueue.dispatchEventImpl(EventQueue.java:762)
	at java.awt.EventQueue.access$500(EventQueue.java:98)
	at java.awt.EventQueue$3.run(EventQueue.java:715)
	at java.awt.EventQueue$3.run(EventQueue.java:709)
	at java.security.AccessController.doPrivileged(Native Method)
	at java.security.ProtectionDomain$JavaSecurityAccessImpl.doIntersectionPrivilege(ProtectionDomain.java:80)
	at java.awt.EventQueue.dispatchEvent(EventQueue.java:732)
	at com.intellij.ide.IdeEventQueue.dispatchEvent(IdeEventQueue.java:345)
	at java.awt.EventDispatchThread.pumpOneEventForFilters(EventDispatchThread.java:201)
	at java.awt.EventDispatchThread.pumpEventsForFilter(EventDispatchThread.java:116)
	at java.awt.EventDispatchThread.pumpEventsForHierarchy(EventDispatchThread.java:105)
	at java.awt.EventDispatchThread.pumpEvents(EventDispatchThread.java:101)
	at java.awt.EventDispatchThread.pumpEvents(EventDispatchThread.java:93)
	at java.awt.EventDispatchThread.run(EventDispatchThread.java:82)
2017-10-05 22:55:46,276 [  93751]   INFO - .intellij.idea.IdeaApplication - App initialization took 104989 ms 
2017-10-05 22:55:49,977 [  97452]   WARN - dea.updater.SdkComponentSource - File U:\u~u\a0a\.rc\.android\repositories.cfg could not be loaded. 
2017-10-05 22:55:49,979 [  97454]   INFO - dea.updater.SdkComponentSource - Downloading https://dl.google.com/android/repository/addons_list-3.xml 
2017-10-05 22:55:52,678 [ 100153]   INFO - .openapi.application.Preloader - Finished preloading com.intellij.openapi.actionSystem.impl.ActionPreloader@2c3d3b7d 
2017-10-05 22:55:54,563 [ 102038]   INFO - dea.updater.SdkComponentSource - Downloading https://dl.google.com/android/repository/sys-img/android/sys-img2-1.xml 
2017-10-05 22:55:55,737 [ 103212]   INFO - ellij.project.impl.ProjectImpl - 20 project components initialized in 1103 ms 
2017-10-05 22:55:59,797 [ 107272]   INFO - .openapi.application.Preloader - Finished preloading com.intellij.ide.ui.search.SearchableOptionPreloader@4f7be444 
2017-10-05 22:56:01,589 [ 109064]   INFO - dea.updater.SdkComponentSource - Downloading https://dl.google.com/android/repository/sys-img/android-wear/sys-img2-1.xml 
2017-10-05 22:56:01,891 [ 109366]   INFO - .openapi.application.Preloader - Finished preloading com.intellij.codeInsight.completion.CompletionPreloader@5ef03dbb 
2017-10-05 22:56:02,262 [ 109737]   INFO - dea.updater.SdkComponentSource - Downloading https://dl.google.com/android/repository/sys-img/android-wear-cn/sys-img2-1.xml 
2017-10-05 22:56:05,663 [ 113138]   INFO - dea.updater.SdkComponentSource - Downloading https://dl.google.com/android/repository/sys-img/android-tv/sys-img2-1.xml 
2017-10-05 22:56:06,061 [ 113536]   INFO - dea.updater.SdkComponentSource - Downloading https://dl.google.com/android/repository/sys-img/google_apis/sys-img2-1.xml 
2017-10-05 22:56:06,764 [ 114239]   INFO - dea.updater.SdkComponentSource - Downloading https://dl.google.com/android/repository/sys-img/google_apis_playstore/sys-img2-1.xml 
2017-10-05 22:56:07,093 [ 114568]   INFO - pl$FileIndexDataInitialization - Initialization done:30190 
2017-10-05 22:56:07,483 [ 114958]   INFO - dea.updater.SdkComponentSource - Downloading https://dl.google.com/android/repository/addon2-1.xml 
2017-10-05 22:56:08,332 [ 115807]   INFO - dea.updater.SdkComponentSource - Downloading https://dl.google.com/android/repository/glass/addon2-1.xml 
2017-10-05 22:56:08,692 [ 116167]   INFO - dea.updater.SdkComponentSource - Downloading https://dl.google.com/android/repository/extras/intel/addon2-1.xml 
2017-10-05 22:56:12,091 [ 119566]   INFO - dea.updater.SdkComponentSource - Downloading https://dl.google.com/android/repository/repository2-1.xml 
2017-10-05 22:56:13,956 [ 121431]   INFO - ellij.project.impl.ProjectImpl - 177 project components initialized in 5070 ms 
2017-10-05 22:56:14,194 [ 121669]   INFO - le.impl.ModuleManagerComponent - 1 module(s) loaded in 235 ms 
2017-10-05 22:56:15,550 [ 123025]   WARN - om.intellij.util.ProfilingUtil - Profiling agent is not enabled. Add -agentlib:yjpagent to idea.vmoptions if necessary to profile IDEA. 
2017-10-05 22:56:17,946 [ 125421]   INFO - CompilerBackwardReferenceIndex - backward reference index version differ due to: class java.io.FileNotFoundException 
2017-10-05 22:56:19,012 [ 126487]   WARN - ry.NodeModulesLibraryDirectory - Concurrent node_modules roots calculation: 2 
2017-10-05 22:56:19,757 [ 127232]   WARN - ry.NodeModulesLibraryDirectory - Concurrent node_modules roots calculation: 3 
2017-10-05 22:56:22,522 [ 129997]   WARN - tectAndAdjustIndentOptionsTask - Indent detection is too long for: browser.js 
2017-10-05 22:56:22,522 [ 129997]   WARN - tectAndAdjustIndentOptionsTask - Indent detection is too long for: browser.js 
2017-10-05 22:56:29,077 [ 136552]   INFO - tartup.impl.StartupManagerImpl - OpenFilesActivity run in 9867ms under project opening modal progress 
2017-10-05 22:56:29,265 [ 136740]   INFO - tartup.impl.StartupManagerImpl - InitToolWindowsActivity run in 188ms under project opening modal progress 
2017-10-05 22:56:29,489 [ 136964]   INFO - .diagnostic.PerformanceWatcher - Post-startup activities under progress took 10734ms; general responsiveness: ok; EDT responsiveness: 1/10 sluggish, 2/10 very slow 
2017-10-05 22:56:30,377 [ 137852]   INFO - tartup.impl.StartupManagerImpl - U:/u~u/a0a/ws/js/.idea case-sensitivity: expected=false actual=false 
2017-10-05 22:56:30,431 [ 137906]   INFO - figurations.GeneralCommandLine - Cannot run program "git.cmd": CreateProcess error=2, The system cannot find the file specified 
java.io.IOException: Cannot run program "git.cmd": CreateProcess error=2, The system cannot find the file specified
	at java.lang.ProcessBuilder.start(ProcessBuilder.java:1048)
	at com.intellij.execution.configurations.GeneralCommandLine.startProcess(GeneralCommandLine.java:420)
	at com.intellij.execution.configurations.GeneralCommandLine.createProcess(GeneralCommandLine.java:387)
	at com.intellij.execution.process.OSProcessHandler.<init>(OSProcessHandler.java:45)
	at com.intellij.execution.process.CapturingProcessHandler.<init>(CapturingProcessHandler.java:38)
	at git4idea.config.GitExecutableDetector.runs(GitExecutableDetector.java:215)
	at git4idea.config.GitExecutableDetector.checkSoleExecutable(GitExecutableDetector.java:167)
	at git4idea.config.GitExecutableDetector.detectForWindows(GitExecutableDetector.java:94)
	at git4idea.config.GitExecutableDetector.detect(GitExecutableDetector.java:61)
	at git4idea.config.GitVcsApplicationSettings.getPathToGit(GitVcsApplicationSettings.java:68)
	at git4idea.GitVcs.checkExecutableAndVersion(GitVcs.java:306)
	at git4idea.GitVcs.activate(GitVcs.java:287)
	at com.intellij.openapi.vcs.StartedActivated.lambda$new$2(StartedActivated.java:43)
	at com.intellij.openapi.vcs.StartedActivated.callImpl(StartedActivated.java:83)
	at com.intellij.openapi.vcs.StartedActivated.doActivate(StartedActivated.java:96)
	at com.intellij.openapi.vcs.impl.projectlevelman.NewMappings$MyVcsActivator.activate(NewMappings.java:457)
	at com.intellij.openapi.vcs.impl.projectlevelman.NewMappings.a(NewMappings.java:166)
	at com.intellij.openapi.vcs.impl.projectlevelman.NewMappings.activateActiveVcses(NewMappings.java:123)
	at com.intellij.openapi.vcs.impl.projectlevelman.NewMappings.f(NewMappings.java:93)
	at com.intellij.openapi.vcs.impl.VcsInitialization.a(VcsInitialization.java:103)
	at com.intellij.openapi.vcs.impl.VcsInitialization.access$000(VcsInitialization.java:43)
	at com.intellij.openapi.vcs.impl.VcsInitialization$1.run(VcsInitialization.java:67)
	at com.intellij.openapi.progress.impl.CoreProgressManager$TaskRunnable.run(CoreProgressManager.java:718)
	at com.intellij.openapi.progress.impl.CoreProgressManager.a(CoreProgressManager.java:170)
	at com.intellij.openapi.progress.impl.CoreProgressManager.a(CoreProgressManager.java:548)
	at com.intellij.openapi.progress.impl.CoreProgressManager.executeProcessUnderProgress(CoreProgressManager.java:493)
	at com.intellij.openapi.progress.impl.ProgressManagerImpl.executeProcessUnderProgress(ProgressManagerImpl.java:94)
	at com.intellij.openapi.progress.impl.CoreProgressManager.runProcess(CoreProgressManager.java:157)
	at com.intellij.openapi.progress.impl.ProgressManagerImpl$2.run(ProgressManagerImpl.java:165)
	at com.intellij.openapi.application.impl.ApplicationImpl$2.run(ApplicationImpl.java:343)
	at java.util.concurrent.Executors$RunnableAdapter.call(Executors.java:511)
	at java.util.concurrent.FutureTask.run(FutureTask.java:266)
	at java.util.concurrent.ThreadPoolExecutor.runWorker(ThreadPoolExecutor.java:1142)
	at java.util.concurrent.ThreadPoolExecutor$Worker.run(ThreadPoolExecutor.java:617)
	at java.lang.Thread.run(Thread.java:745)
Caused by: java.io.IOException: CreateProcess error=2, The system cannot find the file specified
	at java.lang.ProcessImpl.create(Native Method)
	at java.lang.ProcessImpl.<init>(ProcessImpl.java:386)
	at java.lang.ProcessImpl.start(ProcessImpl.java:137)
	at java.lang.ProcessBuilder.start(ProcessBuilder.java:1029)
	... 34 more
2017-10-05 22:56:31,648 [ 139123]   INFO - .diagnostic.PerformanceWatcher - Pushing properties took 12670ms; general responsiveness: ok; EDT responsiveness: 2/13 sluggish, 3/13 very slow 
2017-10-05 22:56:33,201 [ 140676]   INFO - riptDefsFromTemplatesProviders - [kts] loading script definitions [kotlin.script.templates.standard.ScriptTemplateWithArgs] using cp:  
2017-10-05 22:56:33,492 [ 140967]   INFO - tor.impl.FileEditorManagerImpl - Project opening took 24637 ms 
2017-10-05 22:56:35,633 [ 143108]   INFO - .diagnostic.PerformanceWatcher - Indexable file iteration took 3983ms; general responsiveness: ok; EDT responsiveness: 1/4 sluggish, 1/4 very slow 
2017-10-05 22:56:35,635 [ 143110]   INFO - indexing.UnindexedFilesUpdater - Unindexed files update started: 3564 files to update 
2017-10-05 22:56:39,945 [ 147420]   INFO - exImpl$StubIndexInitialization - Initialization done:32852 
2017-10-05 22:57:53,254 [ 220729]   INFO - CompilerWorkspaceConfiguration - Available processors: 4 
2017-10-05 22:58:33,080 [ 260555]   INFO - .diagnostic.PerformanceWatcher - Unindexed files update took 117445ms; general responsiveness: 0/117 sluggish, 1/117 very slow; EDT responsiveness: 3/117 sluggish, 6/117 very slow 
2017-10-05 23:04:18,708 [ 606183]   INFO - g.FileBasedIndexProjectHandler - Reindexing refreshed files: 0 to update, calculated in 69ms 
2017-10-05 23:04:18,890 [ 606365]   INFO - tartup.impl.StartupManagerImpl - Some post-startup activities freeze UI for noticeable time. Please consider making them DumbAware to do them in background under modal progress, or just making them faster to speed up project opening. 
2017-10-05 23:04:18,890 [ 606365]   INFO - tartup.impl.StartupManagerImpl - ExternalSystemStartupActivity run in 125ms on UI thread 
2017-10-05 23:04:19,339 [ 606814]   INFO - tartup.impl.StartupManagerImpl - MaintenanceActivity run in 178ms on UI thread 
2017-10-05 23:04:21,344 [ 608819]   INFO - nScriptExternalImportsProvider - [kts] cache creation: 0 checked, 0 added (in 0ms) 
2017-10-05 23:04:27,649 [ 615124]   INFO - tellij.xml.Html5SchemaProvider - HTML5_SCHEMA_LOCATION = F:/a0a/bins/idea/ideaIU-2017.2.win/lib/idea.jar!/resources/html5-schema/html5.rnc 
2017-10-05 23:04:27,649 [ 615124]   INFO - tellij.xml.Html5SchemaProvider - XHTML5_SCHEMA_LOCATION = F:/a0a/bins/idea/ideaIU-2017.2.win/lib/idea.jar!/resources/html5-schema/xhtml5.rnc 
2017-10-05 23:04:27,649 [ 615124]   INFO - tellij.xml.Html5SchemaProvider - CHARS_DTD_LOCATION = F:/a0a/bins/idea/ideaIU-2017.2.win/lib/idea.jar!/resources/html5-schema/html5chars.ent 
2017-10-05 23:04:43,502 [ 630977]   INFO - stubs.SerializationManagerImpl - START StubSerializationManager SHUTDOWN 
2017-10-05 23:04:43,503 [ 630978]   INFO - stubs.SerializationManagerImpl - END StubSerializationManager SHUTDOWN 
2017-10-05 23:04:43,503 [ 630978]   INFO - il.indexing.FileBasedIndexImpl - START INDEX SHUTDOWN 
2017-10-05 23:04:43,953 [ 631428]   INFO - il.indexing.FileBasedIndexImpl - END INDEX SHUTDOWN 
2017-10-05 23:04:43,955 [ 631430]   INFO - org.jetbrains.io.BuiltInServer - web server stopped 
2017-10-05 23:04:43,988 [ 631463]   INFO - Types.impl.FileTypeManagerImpl - FileTypeManager: 144 auto-detected files
Elapsed time on auto-detect: 10039 ms 
2017-10-05 23:04:43,997 [ 631472]   INFO - pl.local.NativeFileWatcherImpl - Watcher terminated with exit code 0 
2017-10-05 23:04:44,851 [ 632326]   INFO - newvfs.persistent.PersistentFS - VFS dispose started 
2017-10-05 23:04:46,424 [ 633899]   INFO - newvfs.persistent.PersistentFS - VFS dispose completed 
2017-10-05 23:04:46,426 [ 633901]   INFO -        #com.intellij.idea.Main - ------------------------------------------------------ IDE SHUTDOWN ------------------------------------------------------ 
2017-10-05 23:04:46,429 [ 633904]   INFO - org.jetbrains.io.BuiltInServer - web server stopped 
2017-10-06 09:54:34,165 [      1]   INFO -        #com.intellij.idea.Main - ------------------------------------------------------ IDE STARTED ------------------------------------------------------ 
2017-10-06 09:54:34,247 [     83]   INFO -     #com.intellij.util.ui.JBUI - User scale factor: 1.0 
2017-10-06 09:54:34,247 [     83]   INFO -     #com.intellij.util.ui.JBUI - System scale factor: 1.0 (IDE-managed HiDPI) 
2017-10-06 09:54:34,312 [    148]   INFO -        #com.intellij.idea.Main - IDE: IntelliJ IDEA (build #IU-172.3317.76, 15 Jul 2017 18:34) 
2017-10-06 09:54:34,312 [    148]   INFO -        #com.intellij.idea.Main - OS: Windows 10 (10.0, amd64) 
2017-10-06 09:54:34,312 [    148]   INFO -        #com.intellij.idea.Main - JRE: 1.8.0_152-release-915-b5 (JetBrains s.r.o) 
2017-10-06 09:54:34,312 [    148]   INFO -        #com.intellij.idea.Main - JVM: 25.152-b5 (OpenJDK 64-Bit Server VM) 
2017-10-06 09:54:34,413 [    249]   INFO -        #com.intellij.idea.Main - JVM Args: -Duser.home=U:\u~u\a0a\.rc -Xms2048m -Xmx4096m -XX:ReservedCodeCacheSize=2048m -XX:+UseConcMarkSweepGC -XX:SoftRefLRUPolicyMSPerMB=50 -ea -Dsun.io.useCanonCaches=false -Djava.net.preferIPv4Stack=true -XX:+HeapDumpOnOutOfMemoryError -XX:-OmitStackTraceInFastThrow -Djb.vmOptionsFile=F:\a0a\bins\idea\ideaIU-2017.2.win\bin\idea64.exe.vmoptions -XX:ErrorFile=U:/u~u/a0a/.rc\java_error_in_IDEA_%p.log -XX:HeapDumpPath=U:/u~u/a0a/.rc\java_error_in_IDEA.hprof -Xbootclasspath/a:F:\a0a\bins\idea\ideaIU-2017.2.win/lib/boot.jar -Didea.paths.selector=IntelliJIdea2017.2 -Didea.properties.file=U:/u~u/a0a/.rc/.IntelliJIdea/idea.properties -Didea.jre.check=true 
2017-10-06 09:54:34,413 [    249]   INFO -        #com.intellij.idea.Main - ext: F:\a0a\bins\idea\ideaIU-2017.2.win\jre64\lib\ext: [access-bridge-64.jar, cldrdata.jar, dnsns.jar, jaccess.jar, jfxrt.jar, localedata.jar, meta-index, nashorn.jar, sunec.jar, sunjce_provider.jar, sunmscapi.jar, sunpkcs11.jar, zipfs.jar] 
2017-10-06 09:54:34,413 [    249]   INFO -        #com.intellij.idea.Main - JNU charset: GBK 
2017-10-06 09:54:35,950 [   1786]   INFO -        #com.intellij.idea.Main - JNA library (64-bit) loaded in 1536 ms 
2017-10-06 09:54:35,991 [   1827]   INFO - penapi.util.io.win32.IdeaWin32 - Native filesystem for Windows is operational 
2017-10-06 09:54:36,040 [   1876]   INFO -        #com.intellij.idea.Main - Using "FocusKiller" library to prevent focus stealing. 
2017-10-06 09:54:56,089 [  21925]   INFO - llij.ide.plugins.PluginManager - 129 plugins initialized in 10491 ms 
2017-10-06 09:54:56,141 [  21977]   INFO - llij.ide.plugins.PluginManager - Loaded bundled plugins: ASP (0.1), Android Support (10.2.3), AngularJS (172.3317.76), Ant Support (1.0), Application Servers View (0.2.0), AspectJ Support (1.2), Bytecode Viewer (0.1), CFML Support (3.53), CSS Support (172.3317.76), CVS Integration (11), ClearCase Integration (2.0), Cloud Foundry integration (1.0), CloudBees integration (1.0), CoffeeScript (2.0), Copyright (8.1), Coverage (172.3317.76), Cucumber for Groovy (999.999), Cucumber for Java (999.999), DSM Analysis (1.0.0), Database Tools and SQL (172.3317.76), Eclipse Integration (3.0), EditorConfig (172.3317.76), Emma (172.3317.76), Flash/Flex Support (172.3317.76), FreeMarker support (1.0), GWT Support (1.0), Geronimo Integration (1.0), Gherkin (999.999), Git Integration (8.1), GitHub (172.3317.76), GlassFish Integration (1.0), Google App Engine Integration (1.1.4), Gradle (172.3317.76), Grails (9.0), Groovy (9.0), Guice (8.0), HTML Tools (2.0), Haml (172.3317.76), Heroku integration (1.0), Hibernate Support (1.0), I18n for Java (172.3317.76), IDEA CORE (172.3317.76), IntelliLang (8.0), J2ME (1.0), JBoss Arquillian Support (1.0), JBoss Drools Support (1.0), JBoss Frameworks Base Support (1.0), JBoss Integration (1.0), JBoss Seam Pageflow Support (1.0), JBoss Seam Pages Support (1.0), JBoss Seam Support (1.0), JBoss jBPM (2.0.0), JSR45 Integration (1.0), JUnit (1.0), Java Bytecode Decompiler (172.3317.76), Java EE: Batch Applications (1.0), Java EE: Bean Validation Support (1.1), Java EE: Contexts and Dependency Injection (1.1), Java EE: EJB, JPA, Servlets (1.0), Java EE: JMS, JSON Processing, Concurrency, Transaction  (1.0), Java EE: Java Server Faces (2.2.X.), Java EE: RESTful Web Services (JAX-RS) (1.0), Java EE: Web Services (JAX-WS) (1.9), Java EE: WebSockets (1.0), Java Server Pages (JSP) Integration (1.0), JavaFX (1.0), JavaScript Debugger (1.0), JavaScript Intention Power Pack (0.9.4), JavaScript Support (1.0), Jetty Integration (1.0), Kotlin (1.1.3-release-IJ2017.2-2), Less support (172.3317.76), Markdown support (172.3317.76), Maven Integration (172.3317.76), Maven Integration Extension (172.3317.76), OpenShift integration (1.0), Osmorc (1.4.9), Perforce Integration (2.0), Persistence Frameworks Support (1.0), Playframework Support (1.0), Plugin DevKit (1.0), Properties Support (172.3317.76), QuirksMode (172.3317.76), REST Client (172.3317.76), Refactor-X (2.01), Remote Hosts Access (0.1), Resin Integration (8.1), SSH Remote Run (0.1), Sass support (172.3317.76), Settings Repository (172.3317.76), Spring AOP/@AspectJ (1.0), Spring Batch (1.0), Spring Boot (1.0), Spring Data (1.0), Spring Integration Patterns (1.0), Spring MVC (1.0), Spring OSGi (1.0), Spring Security (1.0), Spring Support (1.0), Spring Web Flow (1.0), Spring Web Services (1.0), Spring WebSocket (1.0), Spy-js (172.3317.76), Struts 1.x (2.0), Struts 2 (1.0), Stylus support (999.999), Subversion Integration (1.1), TFS Integration (999.999), Tapestry support (1.0), Task Management (1.0), Terminal (0.1), TestNG-J (8.0), Thymeleaf (1.0), Time Tracking (1.0), Tomcat and TomEE Integration (1.0), UI Designer (172.3317.76), UML Support (1.0), Vaadin Support (1.0), Velocity support (1.0), W3C Validators (2.0), WebLogic Integration (1.0), WebSphere Integration (1.0), XPathView + XSLT Support (4), XSLT-Debugger (1.4), YAML (172.3317.76), ZKM-Unscramble (1.0), dmServer Support (0.9.5), hg4idea (10.0), tslint (172.3317.76) 
2017-10-06 09:55:07,397 [  33233]   INFO - ellij.util.io.PagedFileStorage - lower=100; upper=500; buffer=10; max=4042 
2017-10-06 09:55:08,181 [  34017]   INFO - pl.local.NativeFileWatcherImpl - Starting file watcher: F:\a0a\bins\idea\ideaIU-2017.2.win\bin\fsnotifier64.exe 
2017-10-06 09:55:08,249 [  34085]   INFO - pl.local.NativeFileWatcherImpl - Native file watcher is operational. 
2017-10-06 09:55:17,463 [  43299]   INFO - til.net.ssl.CertificateManager - Default SSL context initialized 
2017-10-06 09:55:17,878 [  43714]   INFO - rains.ide.BuiltInServerManager - built-in server started, port 63342 
2017-10-06 09:55:18,038 [  43874]   INFO - gs.impl.UpdateCheckerComponent - channel: release 
2017-10-06 09:55:21,524 [  47360]   INFO - il.indexing.FileBasedIndexImpl - Index exts enumerated:2932 
2017-10-06 09:55:21,584 [  47420]   INFO - il.indexing.FileBasedIndexImpl - Index scheduled:60 
2017-10-06 09:55:22,102 [  47938]   INFO - tellij.psi.stubs.StubIndexImpl - All stub exts enumerated:500 
2017-10-06 09:55:22,119 [  47955]   INFO - tellij.psi.stubs.StubIndexImpl - stub exts update scheduled:17 
2017-10-06 09:55:24,210 [  50046]   INFO - j.ide.script.IdeStartupScripts - 0 startup script(s) found 
2017-10-06 09:55:28,148 [  53984]   INFO - plication.impl.ApplicationImpl - 98 application components initialized in 42566ms 
2017-10-06 09:55:29,002 [  54838]   INFO - .intellij.idea.IdeaApplication - App initialization took 60792 ms 
2017-10-06 09:55:37,824 [  63660]   INFO - com.intellij.ide.ui.UISettings - Loaded: fontSize=12, fontScale=1.0; restored: fontSize=12, fontScale=1.0 
2017-10-06 09:55:38,127 [  63963]   INFO - pl$FileIndexDataInitialization - Initialization done:16542 
2017-10-06 09:55:43,530 [  69366]   INFO - exImpl$StubIndexInitialization - Initialization done:5402 
2017-10-06 09:55:44,618 [  70454]   INFO - .openapi.application.Preloader - Finished preloading com.intellij.openapi.actionSystem.impl.ActionPreloader@1936e038 
2017-10-06 09:55:46,536 [  72372]   INFO - ellij.project.impl.ProjectImpl - 177 project components initialized in 14753 ms 
2017-10-06 09:55:48,035 [  73871]   INFO - le.impl.ModuleManagerComponent - 1 module(s) loaded in 1498 ms 
2017-10-06 09:55:49,560 [  75396]   WARN - om.intellij.util.ProfilingUtil - Profiling agent is not enabled. Add -agentlib:yjpagent to idea.vmoptions if necessary to profile IDEA. 
2017-10-06 09:55:50,863 [  76699]   INFO - .openapi.application.Preloader - Finished preloading com.intellij.ide.ui.search.SearchableOptionPreloader@d9e6338 
2017-10-06 09:55:51,170 [  77006]   INFO - CompilerBackwardReferenceIndex - backward reference index version differ due to: class java.io.FileNotFoundException 
2017-10-06 09:55:53,714 [  79550]   INFO - .openapi.application.Preloader - Finished preloading com.intellij.codeInsight.completion.CompletionPreloader@41d86e95 
2017-10-06 09:55:54,986 [  80822]   INFO - .diagnostic.PerformanceWatcher - Pushing properties took 614ms; general responsiveness: ok; EDT responsiveness: ok 
2017-10-06 09:55:56,597 [  82433]   INFO - riptDefsFromTemplatesProviders - [kts] loading script definitions [kotlin.script.templates.standard.ScriptTemplateWithArgs] using cp:  
2017-10-06 09:56:01,628 [  87464]   INFO - tartup.impl.StartupManagerImpl - OpenFilesActivity run in 7109ms under project opening modal progress 
2017-10-06 09:56:01,835 [  87671]   INFO - tartup.impl.StartupManagerImpl - InitToolWindowsActivity run in 207ms under project opening modal progress 
2017-10-06 09:56:04,184 [  90020]   INFO - .diagnostic.PerformanceWatcher - Indexable file iteration took 9195ms; general responsiveness: ok; EDT responsiveness: 2/10 sluggish, 3/10 very slow 
2017-10-06 09:56:04,193 [  90029]   WARN - tectAndAdjustIndentOptionsTask - Indent detection is too long for: browser.js 
2017-10-06 09:56:06,582 [  92418]   INFO - son.PackageVersionRangeMatcher - Matching 29 done in 2791 ms, not matched: [] 
2017-10-06 09:56:06,917 [  92753]   INFO - tartup.impl.StartupManagerImpl - JsbtStartupActivity run in 5020ms under project opening modal progress 
2017-10-06 09:56:06,995 [  92831]   INFO - .diagnostic.PerformanceWatcher - Post-startup activities under progress took 12957ms; general responsiveness: ok; EDT responsiveness: 3/11 sluggish, 3/11 very slow 
2017-10-06 09:56:07,046 [  92882]   INFO - tartup.impl.StartupManagerImpl - Some post-startup activities freeze UI for noticeable time. Please consider making them DumbAware to do them in background under modal progress, or just making them faster to speed up project opening. 
2017-10-06 09:56:07,046 [  92882]   INFO - tartup.impl.StartupManagerImpl - ProjectInspectionProfileStartUpActivity run in 111ms on UI thread 
2017-10-06 09:56:07,223 [  93059]   INFO - tartup.impl.StartupManagerImpl - ExternalSystemStartupActivity run in 165ms on UI thread 
2017-10-06 09:56:07,338 [  93174]   INFO - tartup.impl.StartupManagerImpl - InitLogStartupActivity run in 115ms on UI thread 
2017-10-06 09:56:09,938 [  95774]   INFO - tartup.impl.StartupManagerImpl - JSUnusedDeclarationsStartupActivity run in 111ms on UI thread 
2017-10-06 09:56:10,518 [  96354]   INFO - tartup.impl.StartupManagerImpl - DatabaseStartupActivity run in 173ms on UI thread 
2017-10-06 09:56:10,694 [  96530]   INFO - nScriptExternalImportsProvider - [kts] cache creation: 0 checked, 0 added (in 0ms) 
2017-10-06 09:56:11,474 [  97310]   INFO - tartup.impl.StartupManagerImpl - GradleStartupActivity run in 775ms on UI thread 
2017-10-06 09:56:12,511 [  98347]   INFO - tartup.impl.StartupManagerImpl - MaintenanceActivity run in 912ms on UI thread 
2017-10-06 09:56:12,619 [  98455]   INFO - tartup.impl.StartupManagerImpl - U:/u~u/a0a/ws/js/.idea case-sensitivity: expected=false actual=false 
2017-10-06 09:56:12,644 [  98480]   INFO - figurations.GeneralCommandLine - Cannot run program "git.cmd": CreateProcess error=2, The system cannot find the file specified 
java.io.IOException: Cannot run program "git.cmd": CreateProcess error=2, The system cannot find the file specified
	at java.lang.ProcessBuilder.start(ProcessBuilder.java:1048)
	at com.intellij.execution.configurations.GeneralCommandLine.startProcess(GeneralCommandLine.java:420)
	at com.intellij.execution.configurations.GeneralCommandLine.createProcess(GeneralCommandLine.java:387)
	at com.intellij.execution.process.OSProcessHandler.<init>(OSProcessHandler.java:45)
	at com.intellij.execution.process.CapturingProcessHandler.<init>(CapturingProcessHandler.java:38)
	at git4idea.config.GitExecutableDetector.runs(GitExecutableDetector.java:215)
	at git4idea.config.GitExecutableDetector.checkSoleExecutable(GitExecutableDetector.java:167)
	at git4idea.config.GitExecutableDetector.detectForWindows(GitExecutableDetector.java:94)
	at git4idea.config.GitExecutableDetector.detect(GitExecutableDetector.java:61)
	at git4idea.config.GitVcsApplicationSettings.getPathToGit(GitVcsApplicationSettings.java:68)
	at git4idea.GitVcs.checkExecutableAndVersion(GitVcs.java:306)
	at git4idea.GitVcs.activate(GitVcs.java:287)
	at com.intellij.openapi.vcs.StartedActivated.lambda$new$2(StartedActivated.java:43)
	at com.intellij.openapi.vcs.StartedActivated.callImpl(StartedActivated.java:83)
	at com.intellij.openapi.vcs.StartedActivated.doActivate(StartedActivated.java:96)
	at com.intellij.openapi.vcs.impl.projectlevelman.NewMappings$MyVcsActivator.activate(NewMappings.java:457)
	at com.intellij.openapi.vcs.impl.projectlevelman.NewMappings.a(NewMappings.java:166)
	at com.intellij.openapi.vcs.impl.projectlevelman.NewMappings.activateActiveVcses(NewMappings.java:123)
	at com.intellij.openapi.vcs.impl.projectlevelman.NewMappings.f(NewMappings.java:93)
	at com.intellij.openapi.vcs.impl.VcsInitialization.a(VcsInitialization.java:103)
	at com.intellij.openapi.vcs.impl.VcsInitialization.access$000(VcsInitialization.java:43)
	at com.intellij.openapi.vcs.impl.VcsInitialization$1.run(VcsInitialization.java:67)
	at com.intellij.openapi.progress.impl.CoreProgressManager$TaskRunnable.run(CoreProgressManager.java:718)
	at com.intellij.openapi.progress.impl.CoreProgressManager.a(CoreProgressManager.java:170)
	at com.intellij.openapi.progress.impl.CoreProgressManager.a(CoreProgressManager.java:548)
	at com.intellij.openapi.progress.impl.CoreProgressManager.executeProcessUnderProgress(CoreProgressManager.java:493)
	at com.intellij.openapi.progress.impl.ProgressManagerImpl.executeProcessUnderProgress(ProgressManagerImpl.java:94)
	at com.intellij.openapi.progress.impl.CoreProgressManager.runProcess(CoreProgressManager.java:157)
	at com.intellij.openapi.progress.impl.ProgressManagerImpl$2.run(ProgressManagerImpl.java:165)
	at com.intellij.openapi.application.impl.ApplicationImpl$2.run(ApplicationImpl.java:343)
	at java.util.concurrent.Executors$RunnableAdapter.call(Executors.java:511)
	at java.util.concurrent.FutureTask.run(FutureTask.java:266)
	at java.util.concurrent.ThreadPoolExecutor.runWorker(ThreadPoolExecutor.java:1142)
	at java.util.concurrent.ThreadPoolExecutor$Worker.run(ThreadPoolExecutor.java:617)
	at java.lang.Thread.run(Thread.java:745)
Caused by: java.io.IOException: CreateProcess error=2, The system cannot find the file specified
	at java.lang.ProcessImpl.create(Native Method)
	at java.lang.ProcessImpl.<init>(ProcessImpl.java:386)
	at java.lang.ProcessImpl.start(ProcessImpl.java:137)
	at java.lang.ProcessBuilder.start(ProcessBuilder.java:1029)
	... 34 more
2017-10-06 09:56:13,960 [  99796]   INFO - tor.impl.FileEditorManagerImpl - Project opening took 42773 ms 
2017-10-06 09:56:16,090 [ 101926]   INFO - CompilerWorkspaceConfiguration - Available processors: 4 
2017-10-06 09:56:24,597 [ 110433]   INFO - tellij.xml.Html5SchemaProvider - HTML5_SCHEMA_LOCATION = F:/a0a/bins/idea/ideaIU-2017.2.win/lib/idea.jar!/resources/html5-schema/html5.rnc 
2017-10-06 09:56:24,597 [ 110433]   INFO - tellij.xml.Html5SchemaProvider - XHTML5_SCHEMA_LOCATION = F:/a0a/bins/idea/ideaIU-2017.2.win/lib/idea.jar!/resources/html5-schema/xhtml5.rnc 
2017-10-06 09:56:24,597 [ 110433]   INFO - tellij.xml.Html5SchemaProvider - CHARS_DTD_LOCATION = F:/a0a/bins/idea/ideaIU-2017.2.win/lib/idea.jar!/resources/html5-schema/html5chars.ent 
2017-10-06 10:00:14,623 [ 340459]   INFO - stubs.SerializationManagerImpl - START StubSerializationManager SHUTDOWN 
2017-10-06 10:00:14,624 [ 340460]   INFO - stubs.SerializationManagerImpl - END StubSerializationManager SHUTDOWN 
2017-10-06 10:00:14,624 [ 340460]   INFO - il.indexing.FileBasedIndexImpl - START INDEX SHUTDOWN 
2017-10-06 10:00:15,907 [ 341743]   INFO - il.indexing.FileBasedIndexImpl - END INDEX SHUTDOWN 
2017-10-06 10:00:15,909 [ 341745]   INFO - org.jetbrains.io.BuiltInServer - web server stopped 
2017-10-06 10:00:15,975 [ 341811]   INFO - Types.impl.FileTypeManagerImpl - FileTypeManager: 6 auto-detected files
Elapsed time on auto-detect: 569 ms 
2017-10-06 10:00:15,977 [ 341813]   INFO - pl.local.NativeFileWatcherImpl - Watcher terminated with exit code 0 
2017-10-06 10:00:16,179 [ 342015]   INFO - newvfs.persistent.PersistentFS - VFS dispose started 
2017-10-06 10:00:17,418 [ 343254]   INFO - newvfs.persistent.PersistentFS - VFS dispose completed 
2017-10-06 10:00:17,421 [ 343257]   INFO -        #com.intellij.idea.Main - ------------------------------------------------------ IDE SHUTDOWN ------------------------------------------------------ 
2017-10-06 10:00:17,425 [ 343261]   INFO - org.jetbrains.io.BuiltInServer - web server stopped 
